Base path: /Applications/Unity/Unity.app/Contents
Pipe name: \\.\pipe\UnityShaderCompiler-1--1598536384
Cmd: getPlatforms
Cmd: preprocess
  insize=824 outsize=824 ok=1
Cmd: preprocess
  insize=3325 outsize=1181 ok=1
Cmd: compileSnippet
  api=0 type=0 insize=2452 outsize=328 kw= ok=1
Cmd: compileSnippet
  api=0 type=1 insize=2452 outsize=1069 kw= ok=1
Cmd: preprocess
  insize=818 outsize=818 ok=1
Cmd: preprocess
  insize=1192 outsize=621 ok=1
Cmd: compileSnippet
  api=0 type=0 insize=870 outsize=365 kw= ok=1
Cmd: compileSnippet
  api=0 type=1 insize=870 outsize=98 kw= ok=1
Cmd: preprocess
  insize=317 outsize=317 ok=1
Cmd: preprocess
  insize=747 outsize=747 ok=1
Cmd: preprocess
  insize=2350 outsize=1082 ok=1
Cmd: compileSnippet
  api=0 type=0 insize=1570 outsize=397 kw=SOFTPARTICLES_OFF ok=1
Cmd: compileSnippet
  api=0 type=1 insize=1570 outsize=269 kw=SOFTPARTICLES_OFF ok=1
Cmd: preprocess
  insize=630 outsize=630 ok=1
Cmd: preprocess
  insize=667 outsize=667 ok=1
Cmd: preprocess
  insize=472 outsize=472 ok=1
Cmd: preprocess
  insize=1551 outsize=865 ok=1
Cmd: compileSnippet
  api=0 type=0 insize=988 outsize=397 kw= ok=1
Cmd: compileSnippet
  api=0 type=1 insize=988 outsize=222 kw= ok=1
Cmd: preprocess
  insize=889 outsize=889 ok=1
Cmd: preprocess
  insize=835 outsize=835 ok=1
Cmd: preprocess
  insize=730 outsize=730 ok=1
Cmd: preprocess
  insize=969 outsize=969 ok=1
Cmd: preprocess
  insize=608 outsize=608 ok=1
Cmd: preprocess
  insize=3105 outsize=1735 ok=1
Cmd: compileSnippet
  api=0 type=0 insize=1676 outsize=718 kw= ok=1
Cmd: compileSnippet
  api=0 type=1 insize=1676 outsize=733 kw= ok=1
Cmd: preprocess
  insize=2702 outsize=1124 ok=1
Cmd: compileSnippet
  api=0 type=0 insize=1885 outsize=328 kw= ok=1
Cmd: compileSnippet
  api=0 type=1 insize=1885 outsize=626 kw= ok=1
Cmd: preprocess
  insize=683 outsize=683 ok=1
Cmd: preprocess
  insize=717 outsize=717 ok=1
Cmd: preprocess
  insize=1355 outsize=1355 ok=1
Cmd: preprocess
  insize=762 outsize=1416 ok=1
Cmd: compileSnippet
  api=0 type=0 insize=4497 outsize=920 kw=DIRECTIONAL SHADOWS_OFF LIGHTMAP_OFF DIRLIGHTMAP_OFF ok=1
Cmd: compileSnippet
  api=0 type=1 insize=4497 outsize=412 kw=DIRECTIONAL SHADOWS_OFF LIGHTMAP_OFF DIRLIGHTMAP_OFF ok=1
Cmd: compileSnippet
  api=0 type=0 insize=2460 outsize=818 kw=POINT ok=1
Cmd: compileSnippet
  api=0 type=1 insize=2460 outsize=584 kw=POINT ok=1
Cmd: compileSnippet
  api=0 type=0 insize=2119 outsize=525 kw= ok=1
Cmd: compileSnippet
  api=0 type=1 insize=2119 outsize=294 kw= ok=1
Cmd: compileSnippet
  api=0 type=0 insize=4197 outsize=906 kw=LIGHTMAP_OFF DIRLIGHTMAP_OFF HDR_LIGHT_PREPASS_OFF ok=1
Cmd: compileSnippet
  api=0 type=1 insize=4197 outsize=387 kw=LIGHTMAP_OFF DIRLIGHTMAP_OFF HDR_LIGHT_PREPASS_OFF ok=1
Cmd: preprocess
  insize=2418 outsize=2013 ok=1
Cmd: compileSnippet
  api=0 type=0 insize=5962 outsize=1193 kw=DIRECTIONAL SHADOWS_OFF LIGHTMAP_OFF DIRLIGHTMAP_OFF ok=1
Cmd: compileSnippet
  api=0 type=1 insize=5962 outsize=1342 kw=DIRECTIONAL SHADOWS_OFF LIGHTMAP_OFF DIRLIGHTMAP_OFF ok=1
Cmd: compileSnippet
  api=0 type=0 insize=3882 outsize=1091 kw=POINT ok=1
Cmd: compileSnippet
  api=0 type=1 insize=3882 outsize=917 kw=POINT ok=1
Cmd: compileSnippet
  api=0 type=0 insize=3306 outsize=662 kw= ok=1
Cmd: compileSnippet
  api=0 type=1 insize=3306 outsize=159 kw= ok=1
Cmd: compileSnippet
  api=0 type=0 insize=5623 outsize=1179 kw=LIGHTMAP_OFF DIRLIGHTMAP_OFF HDR_LIGHT_PREPASS_OFF ok=1
Cmd: compileSnippet
  api=0 type=1 insize=5623 outsize=1312 kw=LIGHTMAP_OFF DIRLIGHTMAP_OFF HDR_LIGHT_PREPASS_OFF ok=1
Cmd: preprocess
  insize=316 outsize=316 ok=1
Cmd: preprocess
  insize=655 outsize=1287 ok=1
Cmd: compileSnippet
  api=0 type=0 insize=4397 outsize=919 kw=DIRECTIONAL SHADOWS_OFF LIGHTMAP_OFF DIRLIGHTMAP_OFF ok=1
Cmd: compileSnippet
  api=0 type=1 insize=4397 outsize=378 kw=DIRECTIONAL SHADOWS_OFF LIGHTMAP_OFF DIRLIGHTMAP_OFF ok=1
Cmd: compileSnippet
  api=0 type=0 insize=2373 outsize=817 kw=POINT ok=1
Cmd: compileSnippet
  api=0 type=1 insize=2373 outsize=561 kw=POINT ok=1
Cmd: compileSnippet
  api=0 type=0 insize=1901 outsize=457 kw= ok=1
Cmd: compileSnippet
  api=0 type=1 insize=1901 outsize=159 kw= ok=1
Cmd: compileSnippet
  api=0 type=0 insize=4114 outsize=905 kw=LIGHTMAP_OFF DIRLIGHTMAP_OFF HDR_LIGHT_PREPASS_OFF ok=1
Cmd: compileSnippet
  api=0 type=1 insize=4114 outsize=350 kw=LIGHTMAP_OFF DIRLIGHTMAP_OFF HDR_LIGHT_PREPASS_OFF ok=1
Cmd: preprocess
  insize=485 outsize=485 ok=1
Cmd: preprocess
  insize=373 outsize=373 ok=1
Cmd: preprocess
  insize=2315 outsize=1018 ok=1
Cmd: compileSnippet
  api=0 type=0 insize=1599 outsize=397 kw=SOFTPARTICLES_OFF ok=1
Cmd: compileSnippet
  api=0 type=1 insize=1599 outsize=224 kw=SOFTPARTICLES_OFF ok=1
Cmd: preprocess
  insize=634 outsize=634 ok=1
Cmd: preprocess
  insize=963 outsize=963 ok=1
Cmd: preprocess
  insize=1725 outsize=1007 ok=1
Cmd: compileSnippet
  api=0 type=0 insize=1020 outsize=397 kw= ok=1
Cmd: compileSnippet
  api=0 type=1 insize=1020 outsize=290 kw= ok=1
Cmd: preprocess
  insize=590 outsize=590 ok=1
Cmd: preprocess
  insize=385 outsize=385 ok=1
Cmd: compileSnippet
  api=0 type=0 insize=5962 outsize=711 kw=DIRECTIONAL SHADOWS_OFF LIGHTMAP_ON DIRLIGHTMAP_ON ok=1
Cmd: compileSnippet
  api=0 type=0 insize=5962 outsize=1308 kw=DIRECTIONAL SHADOWS_SCREEN LIGHTMAP_OFF DIRLIGHTMAP_OFF ok=1
Cmd: compileSnippet
  api=0 type=0 insize=5962 outsize=814 kw=DIRECTIONAL SHADOWS_SCREEN LIGHTMAP_ON DIRLIGHTMAP_OFF ok=1
Cmd: compileSnippet
  api=0 type=0 insize=5962 outsize=814 kw=DIRECTIONAL SHADOWS_SCREEN LIGHTMAP_ON DIRLIGHTMAP_ON ok=1
Cmd: compileSnippet
  api=0 type=0 insize=5962 outsize=1840 kw=DIRECTIONAL SHADOWS_OFF LIGHTMAP_OFF DIRLIGHTMAP_OFF VERTEXLIGHT_ON ok=1
Cmd: compileSnippet
  api=0 type=1 insize=5962 outsize=1270 kw=DIRECTIONAL SHADOWS_OFF LIGHTMAP_ON DIRLIGHTMAP_ON ok=1
Cmd: compileSnippet
  api=0 type=1 insize=5962 outsize=1438 kw=DIRECTIONAL SHADOWS_SCREEN LIGHTMAP_ON DIRLIGHTMAP_OFF ok=1
Cmd: compileSnippet
  api=0 type=0 insize=3882 outsize=1128 kw=SPOT ok=1
Cmd: compileSnippet
  api=0 type=0 insize=3882 outsize=1091 kw=POINT_COOKIE ok=1
Cmd: compileSnippet
  api=0 type=1 insize=3882 outsize=1124 kw=SPOT ok=1
Cmd: compileSnippet
  api=0 type=1 insize=3882 outsize=989 kw=POINT_COOKIE ok=1
Cmd: compileSnippet
  api=0 type=0 insize=5623 outsize=806 kw=LIGHTMAP_ON DIRLIGHTMAP_ON HDR_LIGHT_PREPASS_OFF ok=1
Cmd: compileSnippet
  api=0 type=0 insize=5623 outsize=1129 kw=LIGHTMAP_ON DIRLIGHTMAP_OFF HDR_LIGHT_PREPASS_ON ok=1
Cmd: compileSnippet
  api=0 type=0 insize=5623 outsize=806 kw=LIGHTMAP_ON DIRLIGHTMAP_ON HDR_LIGHT_PREPASS_ON ok=1
Cmd: compileSnippet
  api=0 type=1 insize=5623 outsize=1382 kw=LIGHTMAP_ON DIRLIGHTMAP_ON HDR_LIGHT_PREPASS_OFF ok=1
Cmd: compileSnippet
  api=0 type=1 insize=5623 outsize=1621 kw=LIGHTMAP_ON DIRLIGHTMAP_OFF HDR_LIGHT_PREPASS_ON ok=1
